2019-09-02 16:34:41,199 13858126 [     Worker-138] WARN  menders.models.ModelRepository  - Failed to download org.eclipse.recommenders:index::zip:0.0.0
org.eclipse.aether.resolution.ArtifactResolutionException: Could not find artifact org.eclipse.recommenders:index:zip:0.0.0-SNAPSHOT in models (http://download.eclipse.org/recommenders/models/neon/)
	at org.eclipse.aether.internal.impl.DefaultArtifactResolver.resolve(DefaultArtifactResolver.java:444)
	at org.eclipse.aether.internal.impl.DefaultArtifactResolver.resolveArtifacts(DefaultArtifactResolver.java:246)
	at org.eclipse.aether.internal.impl.DefaultArtifactResolver.resolveArtifact(DefaultArtifactResolver.java:223)
	at org.eclipse.aether.internal.impl.DefaultRepositorySystem.resolveArtifact(DefaultRepositorySystem.java:294)
	at org.eclipse.recommenders.models.ModelRepository.resolveInternal(ModelRepository.java:193)
	at org.eclipse.recommenders.models.ModelRepository.resolve(ModelRepository.java:172)
	at org.eclipse.recommenders.internal.models.rcp.EclipseModelRepository.resolve(EclipseModelRepository.java:169)
	at org.eclipse.recommenders.internal.models.rcp.DownloadModelArchiveJob.run(DownloadModelArchiveJob.java:76)
	at org.eclipse.core.internal.jobs.Worker.run(Worker.java:55)
Caused by: org.eclipse.aether.transfer.ArtifactNotFoundException: Could not find artifact org.eclipse.recommenders:index:zip:0.0.0-SNAPSHOT in models (http://download.eclipse.org/recommenders/models/neon/)
	at org.eclipse.aether.connector.basic.ArtifactTransportListener.transferFailed(ArtifactTransportListener.java:39)
	at org.eclipse.aether.connector.basic.BasicRepositoryConnector$TaskRunner.run(BasicRepositoryConnector.java:355)
	at org.eclipse.aether.util.concurrency.RunnableErrorForwarder$1.run(RunnableErrorForwarder.java:67)
	at org.eclipse.aether.connector.basic.BasicRepositoryConnector$DirectExecutor.execute(BasicRepositoryConnector.java:581)
	at org.eclipse.aether.connector.basic.BasicRepositoryConnector.get(BasicRepositoryConnector.java:249)
	at org.eclipse.aether.internal.impl.DefaultArtifactResolver.performDownloads(DefaultArtifactResolver.java:520)
	at org.eclipse.aether.internal.impl.DefaultArtifactResolver.resolve(DefaultArtifactResolver.java:421)
	... 8 more
2019-09-04 10:45:11,845 165688772 [    Worker-1496] ERROR internal.actions.OpenPomAction  - Could not resolve artifact org.jboss.ejb3:jboss-ejb3-ext-api:pom:
org.eclipse.core.runtime.CoreException: Could not resolve artifact org.jboss.ejb3:jboss-ejb3-ext-api:pom:
	at org.eclipse.m2e.core.internal.embedder.MavenImpl$5.call(MavenImpl.java:776)
	at org.eclipse.m2e.core.internal.embedder.MavenImpl$5.call(MavenImpl.java:1)
	at org.eclipse.m2e.core.internal.embedder.MavenExecutionContext.executeBare(MavenExecutionContext.java:176)
	at org.eclipse.m2e.core.internal.embedder.MavenExecutionContext.execute(MavenExecutionContext.java:151)
	at org.eclipse.m2e.core.internal.embedder.MavenExecutionContext.execute(MavenExecutionContext.java:99)
	at org.eclipse.m2e.core.internal.embedder.MavenImpl.resolve(MavenImpl.java:743)
	at org.eclipse.m2e.core.internal.embedder.MavenImpl.resolve(MavenImpl.java:720)
	at org.eclipse.m2e.core.ui.internal.actions.OpenPomAction.openPomEditor(OpenPomAction.java:243)
	at org.eclipse.m2e.core.ui.internal.actions.OpenPomAction.openEditor(OpenPomAction.java:218)
	at org.eclipse.m2e.editor.xml.PomHyperlinkDetector$6$1.run(PomHyperlinkDetector.java:616)
	at org.eclipse.core.internal.jobs.Worker.run(Worker.java:55)
Contains: Missing org.jboss.ejb3:jboss-ejb3-ext-api:pom:
2019-09-04 10:45:15,963 165692890 [    Worker-1487] ERROR internal.actions.OpenPomAction  - Could not resolve artifact org.jboss.ejb3:jboss-ejb3-ext-api:pom:
org.eclipse.core.runtime.CoreException: Could not resolve artifact org.jboss.ejb3:jboss-ejb3-ext-api:pom:
	at org.eclipse.m2e.core.internal.embedder.MavenImpl$5.call(MavenImpl.java:776)
	at org.eclipse.m2e.core.internal.embedder.MavenImpl$5.call(MavenImpl.java:1)
	at org.eclipse.m2e.core.internal.embedder.MavenExecutionContext.executeBare(MavenExecutionContext.java:176)
	at org.eclipse.m2e.core.internal.embedder.MavenExecutionContext.execute(MavenExecutionContext.java:151)
	at org.eclipse.m2e.core.internal.embedder.MavenExecutionContext.execute(MavenExecutionContext.java:99)
	at org.eclipse.m2e.core.internal.embedder.MavenImpl.resolve(MavenImpl.java:743)
	at org.eclipse.m2e.core.internal.embedder.MavenImpl.resolve(MavenImpl.java:720)
	at org.eclipse.m2e.core.ui.internal.actions.OpenPomAction.openPomEditor(OpenPomAction.java:243)
	at org.eclipse.m2e.core.ui.internal.actions.OpenPomAction.openEditor(OpenPomAction.java:218)
	at org.eclipse.m2e.editor.xml.PomHyperlinkDetector$6$1.run(PomHyperlinkDetector.java:616)
	at org.eclipse.core.internal.jobs.Worker.run(Worker.java:55)
Contains: Missing org.jboss.ejb3:jboss-ejb3-ext-api:pom:
